INFO:root:Raw Data Processing...
INFO:root:Raw Data Processing completed. Output file: output\etf_data.parquet
INFO:root:Feature Engineering...
INFO:root:Feature Engineering completed. Output file: output\etf_data_with_features.parquet
INFO:root:Integrating ML Training completed. Model saved to: random_forest_model.pkl
INFO:root:Raw Data Processing...
INFO:root:Raw Data Processing completed. Output file: output\etf_data.parquet
INFO:root:Feature Engineering...
INFO:root:Feature Engineering completed. Output file: output\etf_data_with_features.parquet
INFO:root:Integrating ML Training completed. Model saved to: output\models\random_forest_model.pkl
INFO:root:Raw Data Processing...
INFO:root:Raw Data Processing completed. Output file: output\etf_data.parquet
INFO:root:Feature Engineering...
INFO:root:Feature Engineering completed. Output file: output\etf_data_with_features.parquet
INFO:root:Mean Absolute Error: 158989.43276535804
INFO:root:Mean Squared Error: 214666293140.36517
INFO:root:Integrating ML Training completed. Model saved to: output\models\random_forest_model.pkl
INFO:root:Raw Data Processing...
INFO:root:Raw Data Processing completed. Output file: output\etf_data.parquet
INFO:root:Feature Engineering...
INFO:root:Feature Engineering completed. Output file: output\etf_data_with_features.parquet
INFO:root:Mean Absolute Error: 158989.43276535804
INFO:root:Mean Squared Error: 214666293140.36517
INFO:root:Integrating ML Training completed. Model saved to: output\models\random_forest_model.pkl
